<?xml version="1.0" encoding="UTF-8"?>
<testng-results ignored="0" total="2" passed="2" failed="0" skipped="0">
  <reporter-output>
  </reporter-output>
  <suite started-at="2019-12-15T11:34:51 CLST" name="Default suite" finished-at="2019-12-15T11:36:27 CLST" duration-ms="95763">
    <groups>
    </groups>
    <test started-at="2019-12-15T11:34:51 CLST" name="Default test" finished-at="2019-12-15T11:36:27 CLST" duration-ms="95763">
      <class name="Android.test.First">
        <test-method is-config="true" signature="setUp()[pri:0, instance:Android.test.First@2f112965]" started-at="2019-12-15T11:34:51 CLST" name="setUp" finished-at="2019-12-15T11:35:19 CLST" duration-ms="27239" status="PASS">
          <reporter-output>
          </reporter-output>
        </test-method> <!-- setUp -->
        <test-method signature="Test()[pri:0, instance:Android.test.First@2f112965]" started-at="2019-12-15T11:35:19 CLST" name="Test" finished-at="2019-12-15T11:35:37 CLST" duration-ms="18098" status="PASS">
          <reporter-output>
          </reporter-output>
        </test-method> <!-- Test -->
        <test-method is-config="true" signature="tearDown()[pri:0, instance:Android.test.First@2f112965]" started-at="2019-12-15T11:35:37 CLST" name="tearDown" finished-at="2019-12-15T11:35:38 CLST" duration-ms="1579" status="PASS">
          <reporter-output>
          </reporter-output>
        </test-method> <!-- tearDown -->
        <test-method is-config="true" signature="setUp()[pri:0, instance:Android.test.First@2f112965]" started-at="2019-12-15T11:35:38 CLST" name="setUp" finished-at="2019-12-15T11:36:04 CLST" duration-ms="26067" status="PASS">
          <reporter-output>
          </reporter-output>
        </test-method> <!-- setUp -->
        <test-method signature="Test2()[pri:0, instance:Android.test.First@2f112965]" started-at="2019-12-15T11:36:04 CLST" name="Test2" finished-at="2019-12-15T11:36:26 CLST" duration-ms="21084" status="PASS">
          <reporter-output>
          </reporter-output>
        </test-method> <!-- Test2 -->
        <test-method is-config="true" signature="tearDown()[pri:0, instance:Android.test.First@2f112965]" started-at="2019-12-15T11:36:26 CLST" name="tearDown" finished-at="2019-12-15T11:36:27 CLST" duration-ms="1629" status="PASS">
          <reporter-output>
          </reporter-output>
        </test-method> <!-- tearDown -->
      </class> <!-- Android.test.First -->
    </test> <!-- Default test -->
  </suite> <!-- Default suite -->
</testng-results>
